[debug] [2025-07-16T02:30:44.253Z] ----------------------------------------------------------------------
[debug] [2025-07-16T02:30:44.255Z] Command:       /usr/local/nvm/versions/node/v22.16.0/bin/node /usr/local/node_packages/node_modules/.bin/firebase init functions
[debug] [2025-07-16T02:30:44.256Z] CLI Version:   13.28.0
[debug] [2025-07-16T02:30:44.256Z] Platform:      linux
[debug] [2025-07-16T02:30:44.256Z] Node Version:  v22.16.0
[debug] [2025-07-16T02:30:44.256Z] Time:          Wed Jul 16 2025 02:30:44 GMT+0000 (Coordinated Universal Time)
[debug] [2025-07-16T02:30:44.256Z] ----------------------------------------------------------------------
[debug] 
[debug] [2025-07-16T02:30:44.260Z] >>> [apiv2][query] GET https://firebase-public.firebaseio.com/cli.json [none]
[debug] [2025-07-16T02:30:44.320Z] > command requires scopes: ["email","openid","https://www.googleapis.com/auth/cloudplatformprojects.readonly","https://www.googleapis.com/auth/firebase","https://www.googleapis.com/auth/cloud-platform"]
[debug] [2025-07-16T02:30:44.370Z] Running auto auth
[info] 
     ######## #### ########  ######## ########     ###     ######  ########
     ##        ##  ##     ## ##       ##     ##  ##   ##  ##       ##
     ######    ##  ########  ######   ########  #########  ######  ######
     ##        ##  ##    ##  ##       ##     ## ##     ##       ## ##
     ##       #### ##     ## ######## ########  ##     ##  ######  ########

You're about to initialize a Firebase project in this directory:

  /home/cyberdestine/functions

[info] 
=== Project Setup
[info] 
[info] First, let's associate this project directory with a Firebase project.
[info] You can create multiple project aliases by running firebase use --add, 
[info] but for now we'll just set up a default project.
[info] 
[debug] [2025-07-16T02:30:44.414Z] <<< [apiv2][status] GET https://firebase-public.firebaseio.com/cli.json 200
[debug] [2025-07-16T02:30:44.414Z] <<< [apiv2][body] GET https://firebase-public.firebaseio.com/cli.json {"cloudBuildErrorAfter":1594252800000,"cloudBuildWarnAfter":1590019200000,"defaultNode10After":1594252800000,"minVersion":"3.0.5","node8DeploysDisabledAfter":1613390400000,"node8RuntimeDisabledAfter":1615809600000,"node8WarnAfter":1600128000000}
[debug] [2025-07-16T02:30:56.282Z] No OAuth tokens found
[debug] [2025-07-16T02:30:56.282Z] >>> [apiv2][query] GET https://firebase.googleapis.com/v1beta1/projects pageSize=100
[debug] [2025-07-16T02:30:56.452Z] <<< [apiv2][status] GET https://firebase.googleapis.com/v1beta1/projects 403
[debug] [2025-07-16T02:30:56.452Z] <<< [apiv2][body] GET https://firebase.googleapis.com/v1beta1/projects [omitted]
[debug] [2025-07-16T02:30:56.453Z] Request to https://firebase.googleapis.com/v1beta1/projects?pageSize=100 had HTTP Error: 403, Firebase Management API has not been used in project kasik-alpha-fund-bot before or it is disabled. Enable it by visiting https://console.developers.google.com/apis/api/firebase.googleapis.com/overview?project=kasik-alpha-fund-bot then retry. If you enabled this API recently, wait a few minutes for the action to propagate to our systems and retry.
[debug] [2025-07-16T02:30:56.454Z] FirebaseError: Request to https://firebase.googleapis.com/v1beta1/projects?pageSize=100 had HTTP Error: 403, Firebase Management API has not been used in project kasik-alpha-fund-bot before or it is disabled. Enable it by visiting https://console.developers.google.com/apis/api/firebase.googleapis.com/overview?project=kasik-alpha-fund-bot then retry. If you enabled this API recently, wait a few minutes for the action to propagate to our systems and retry.
    at responseToError (/usr/local/node_packages/node_modules/firebase-tools/lib/responseToError.js:52:12)
    at RetryOperation._fn (/usr/local/node_packages/node_modules/firebase-tools/lib/apiv2.js:312:77)
    at process.processTicksAndRejections (node:internal/process/task_queues:105:5)
[error] 
[error] Error: Failed to list Firebase projects. See firebase-debug.log for more info.
[debug] [2025-07-16T02:31:57.826Z] ----------------------------------------------------------------------
[debug] [2025-07-16T02:31:57.828Z] Command:       /usr/local/nvm/versions/node/v22.16.0/bin/node /usr/local/node_packages/node_modules/.bin/firebase login --reauth
[debug] [2025-07-16T02:31:57.829Z] CLI Version:   13.28.0
[debug] [2025-07-16T02:31:57.829Z] Platform:      linux
[debug] [2025-07-16T02:31:57.829Z] Node Version:  v22.16.0
[debug] [2025-07-16T02:31:57.830Z] Time:          Wed Jul 16 2025 02:31:57 GMT+0000 (Coordinated Universal Time)
[debug] [2025-07-16T02:31:57.830Z] ----------------------------------------------------------------------
[debug] 
[info] 
[info] Visit this URL on this device to log in:
[info] https://accounts.google.com/o/oauth2/auth?client_id=563584335869-fgrhgmd47bqnekij5i8b5pr03ho849e6.apps.googleusercontent.com&scope=email%20openid%20https%3A%2F%2Fwww.googleapis.com%2Fauth%2Fcloudplatformprojects.readonly%20https%3A%2F%2Fwww.googleapis.com%2Fauth%2Ffirebase%20https%3A%2F%2Fwww.googleapis.com%2Fauth%2Fcloud-platform&response_type=code&state=686147986&redirect_uri=http%3A%2F%2Flocalhost%3A9005
[info] 
[info] Waiting for authentication...
